0 info it worked if it ends with ok
1 verbose cli [ '/usr/bin/nodejs', '/usr/bin/npm', 'install', '-g', 'grunt-cli' ]
2 info using npm@1.4.21
3 info using node@v0.10.25
4 verbose cache add [ 'grunt-cli', null ]
5 verbose cache add name=undefined spec="grunt-cli" args=["grunt-cli",null]
6 verbose parsed url { protocol: null,
6 verbose parsed url   slashes: null,
6 verbose parsed url   auth: null,
6 verbose parsed url   host: null,
6 verbose parsed url   port: null,
6 verbose parsed url   hostname: null,
6 verbose parsed url   hash: null,
6 verbose parsed url   search: null,
6 verbose parsed url   query: null,
6 verbose parsed url   pathname: 'grunt-cli',
6 verbose parsed url   path: 'grunt-cli',
6 verbose parsed url   href: 'grunt-cli' }
7 silly lockFile 671ef8ac-grunt-cli grunt-cli
8 verbose lock grunt-cli /home/sarkompdti/.npm/671ef8ac-grunt-cli.lock
9 silly lockFile 671ef8ac-grunt-cli grunt-cli
10 silly lockFile 671ef8ac-grunt-cli grunt-cli
11 verbose addNamed [ 'grunt-cli', '' ]
12 verbose addNamed [ null, '*' ]
13 silly lockFile d63f3d0b-grunt-cli grunt-cli@
14 verbose lock grunt-cli@ /home/sarkompdti/.npm/d63f3d0b-grunt-cli.lock
15 silly addNameRange { name: 'grunt-cli', range: '*', hasData: false }
16 verbose request where is /grunt-cli
17 verbose request registry https://registry.npmjs.org/
18 verbose request id 293c9feac52eb095
19 verbose url raw /grunt-cli
20 verbose url resolving [ 'https://registry.npmjs.org/', './grunt-cli' ]
21 verbose url resolved https://registry.npmjs.org/grunt-cli
22 verbose request where is https://registry.npmjs.org/grunt-cli
23 info trying registry request attempt 1 at 11:53:35
24 http GET https://registry.npmjs.org/grunt-cli
25 info retry will retry, error on last attempt: Error: connect ETIMEDOUT
26 info trying registry request attempt 2 at 11:55:53
27 http GET https://registry.npmjs.org/grunt-cli
28 info retry will retry, error on last attempt: Error: connect ETIMEDOUT
29 info trying registry request attempt 3 at 11:59:00
30 http GET https://registry.npmjs.org/grunt-cli
31 silly lockFile d63f3d0b-grunt-cli grunt-cli@
32 silly lockFile d63f3d0b-grunt-cli grunt-cli@
33 error network connect ETIMEDOUT
33 error network This is most likely not a problem with npm itself
33 error network and is related to network connectivity.
33 error network In most cases you are behind a proxy or have bad network settings.
33 error network
33 error network If you are behind a proxy, please make sure that the
33 error network 'proxy' config is set properly.  See: 'npm help config'
34 error System Linux 4.2.0-16-generic
35 error command "/usr/bin/nodejs" "/usr/bin/npm" "install" "-g" "grunt-cli"
36 error cwd /opt/lampp/htdocs/dataviz
37 error node -v v0.10.25
38 error npm -v 1.4.21
39 error syscall connect
40 error code ETIMEDOUT
41 error errno ETIMEDOUT
42 verbose exit [ 1, true ]
